;  LST file generated by mikroListExporter - v.2.0 
; Date/Time: 2/25/2023 10:56:29 PM
;----------------------------------------------

;Address Opcode 	ASM
0x0000	0x2816      	GOTO       22
_____DoICP:
;__Lib_System.c,6 :: 		
;__Lib_System.c,9 :: 		
0x0003	0x1283      	BCF        STATUS, 5
0x0004	0x1303      	BCF        STATUS, 6
0x0005	0x0839      	MOVF       ___DoICPAddr+1, 0
0x0006	0x008A      	MOVWF      PCLATH
;__Lib_System.c,10 :: 		
0x0007	0x0838      	MOVF       ___DoICPAddr, 0
0x0008	0x0082      	MOVWF      PCL
;__Lib_System.c,12 :: 		
L_end_____DoICP:
0x0009	0x0008      	RETURN
; end of _____DoICP
___CC2DW:
;__Lib_System.c,134 :: 		
;__Lib_System.c,137 :: 		
_CC2D_Loop1:
;__Lib_System.c,139 :: 		
0x000A	0x2003      	CALL       _____DoICP
0x000B	0x118A      	BCF        PCLATH, 3
0x000C	0x120A      	BCF        PCLATH, 4
;__Lib_System.c,141 :: 		
0x000D	0x0080      	MOVWF      INDF
;__Lib_System.c,142 :: 		
0x000E	0x0A84      	INCF       FSR, 1
;__Lib_System.c,143 :: 		
0x000F	0x0AB8      	INCF       ___DoICPAddr, 1
;__Lib_System.c,145 :: 		
0x0010	0x1903      	BTFSC      STATUS, 2
;__Lib_System.c,146 :: 		
0x0011	0x0AB9      	INCF       ___DoICPAddr+1, 1
;__Lib_System.c,147 :: 		
0x0012	0x03F0      	DECF       R0, 1
;__Lib_System.c,149 :: 		
0x0013	0x1D03      	BTFSS      STATUS, 2
;__Lib_System.c,150 :: 		
0x0014	0x280A      	GOTO       _CC2D_Loop1
;__Lib_System.c,152 :: 		
L_end___CC2DW:
0x0015	0x0008      	RETURN
; end of ___CC2DW
_main:
0x0016	0x1283      	BCF        STATUS, 5
0x0017	0x1303      	BCF        STATUS, 6
0x0018	0x01A0      	CLRF       _a
0x0019	0x01A1      	CLRF       33
0x001A	0x303C      	MOVLW      60
0x001B	0x00A2      	MOVWF      34
0x001C	0x01A3      	CLRF       35
0x001D	0x3020      	MOVLW      32
0x001E	0x00A4      	MOVWF      36
0x001F	0x01A5      	CLRF       37
0x0020	0x3020      	MOVLW      32
0x0021	0x00A6      	MOVWF      38
0x0022	0x01A7      	CLRF       39
0x0023	0x303C      	MOVLW      60
0x0024	0x00A8      	MOVWF      40
0x0025	0x01A9      	CLRF       41
0x0026	0x3020      	MOVLW      32
0x0027	0x00AA      	MOVWF      42
0x0028	0x01AB      	CLRF       43
0x0029	0x3020      	MOVLW      32
0x002A	0x00AC      	MOVWF      44
0x002B	0x01AD      	CLRF       45
0x002C	0x303C      	MOVLW      60
0x002D	0x00AE      	MOVWF      46
0x002E	0x01AF      	CLRF       47
0x002F	0x3080      	MOVLW      128
0x0030	0x00B0      	MOVWF      _j
0x0031	0x3040      	MOVLW      64
0x0032	0x00B1      	MOVWF      49
0x0033	0x3020      	MOVLW      32
0x0034	0x00B2      	MOVWF      50
0x0035	0x3010      	MOVLW      16
0x0036	0x00B3      	MOVWF      51
0x0037	0x3008      	MOVLW      8
0x0038	0x00B4      	MOVWF      52
0x0039	0x3004      	MOVLW      4
0x003A	0x00B5      	MOVWF      53
0x003B	0x3002      	MOVLW      2
0x003C	0x00B6      	MOVWF      54
0x003D	0x3001      	MOVLW      1
0x003E	0x00B7      	MOVWF      55
;dot_matrix_moving.c,5 :: 		void main() {
;dot_matrix_moving.c,6 :: 		TRISB=0x00;
0x003F	0x1683      	BSF        STATUS, 5
0x0040	0x0186      	CLRF       TRISB
;dot_matrix_moving.c,7 :: 		TRISD=0x00;
0x0041	0x0188      	CLRF       TRISD
;dot_matrix_moving.c,8 :: 		while(1){
L_main0:
;dot_matrix_moving.c,9 :: 		for(xx=0;xx<8;xx++){
0x0042	0x1283      	BCF        STATUS, 5
0x0043	0x01BA      	CLRF       _xx
0x0044	0x01BB      	CLRF       _xx+1
L_main2:
0x0045	0x3080      	MOVLW      128
0x0046	0x063B      	XORWF      _xx+1, 0
0x0047	0x00F0      	MOVWF      R0
0x0048	0x3080      	MOVLW      128
0x0049	0x0270      	SUBWF      R0, 0
0x004A	0x1D03      	BTFSS      STATUS, 2
0x004B	0x284E      	GOTO       L__main14
0x004C	0x3008      	MOVLW      8
0x004D	0x023A      	SUBWF      _xx, 0
L__main14:
0x004E	0x1803      	BTFSC      STATUS, 0
0x004F	0x289E      	GOTO       L_main3
;dot_matrix_moving.c,10 :: 		for(zx=0;zx<30;zx++){
0x0050	0x01BC      	CLRF       _zx
0x0051	0x01BD      	CLRF       _zx+1
L_main5:
0x0052	0x3080      	MOVLW      128
0x0053	0x063D      	XORWF      _zx+1, 0
0x0054	0x00F0      	MOVWF      R0
0x0055	0x3080      	MOVLW      128
0x0056	0x0270      	SUBWF      R0, 0
0x0057	0x1D03      	BTFSS      STATUS, 2
0x0058	0x285B      	GOTO       L__main15
0x0059	0x301E      	MOVLW      30
0x005A	0x023C      	SUBWF      _zx, 0
L__main15:
0x005B	0x1803      	BTFSC      STATUS, 0
0x005C	0x289A      	GOTO       L_main6
;dot_matrix_moving.c,11 :: 		for(i=0;i<8;i++){
0x005D	0x01BE      	CLRF       _i
0x005E	0x01BF      	CLRF       _i+1
L_main8:
0x005F	0x3080      	MOVLW      128
0x0060	0x063F      	XORWF      _i+1, 0
0x0061	0x00F0      	MOVWF      R0
0x0062	0x3080      	MOVLW      128
0x0063	0x0270      	SUBWF      R0, 0
0x0064	0x1D03      	BTFSS      STATUS, 2
0x0065	0x2868      	GOTO       L__main16
0x0066	0x3008      	MOVLW      8
0x0067	0x023E      	SUBWF      _i, 0
L__main16:
0x0068	0x1803      	BTFSC      STATUS, 0
0x0069	0x2896      	GOTO       L_main9
;dot_matrix_moving.c,12 :: 		PORTD=j[i];
0x006A	0x083E      	MOVF       _i, 0
0x006B	0x3E30      	ADDLW      _j
0x006C	0x0084      	MOVWF      FSR
0x006D	0x0800      	MOVF       INDF, 0
0x006E	0x0088      	MOVWF      PORTD
;dot_matrix_moving.c,13 :: 		PORTB=a[i]<<xx;
0x006F	0x083E      	MOVF       _i, 0
0x0070	0x00F0      	MOVWF      R0
0x0071	0x083F      	MOVF       _i+1, 0
0x0072	0x00F1      	MOVWF      R0+1
0x0073	0x0DF0      	RLF        R0, 1
0x0074	0x0DF1      	RLF        R0+1, 1
0x0075	0x1070      	BCF        R0, 0
0x0076	0x0870      	MOVF       R0, 0
0x0077	0x3E20      	ADDLW      _a
0x0078	0x0084      	MOVWF      FSR
0x0079	0x0800      	MOVF       INDF, 0
0x007A	0x00F2      	MOVWF      R2
0x007B	0x083A      	MOVF       _xx, 0
0x007C	0x00F1      	MOVWF      R1
0x007D	0x0872      	MOVF       R2, 0
0x007E	0x00F0      	MOVWF      R0
0x007F	0x0871      	MOVF       R1, 0
L__main17:
0x0080	0x1903      	BTFSC      STATUS, 2
0x0081	0x2886      	GOTO       L__main18
0x0082	0x0DF0      	RLF        R0, 1
0x0083	0x1070      	BCF        R0, 0
0x0084	0x3EFF      	ADDLW      255
0x0085	0x2880      	GOTO       L__main17
L__main18:
0x0086	0x0870      	MOVF       R0, 0
0x0087	0x0086      	MOVWF      PORTB
;dot_matrix_moving.c,14 :: 		delay_ms(1);
0x0088	0x3003      	MOVLW      3
0x0089	0x00FC      	MOVWF      R12
0x008A	0x3097      	MOVLW      151
0x008B	0x00FD      	MOVWF      R13
L_main11:
0x008C	0x0BFD      	DECFSZ     R13, 1
0x008D	0x288C      	GOTO       L_main11
0x008E	0x0BFC      	DECFSZ     R12, 1
0x008F	0x288C      	GOTO       L_main11
0x0090	0x0000      	NOP
0x0091	0x0000      	NOP
;dot_matrix_moving.c,11 :: 		for(i=0;i<8;i++){
0x0092	0x0ABE      	INCF       _i, 1
0x0093	0x1903      	BTFSC      STATUS, 2
0x0094	0x0ABF      	INCF       _i+1, 1
;dot_matrix_moving.c,15 :: 		}
0x0095	0x285F      	GOTO       L_main8
L_main9:
;dot_matrix_moving.c,10 :: 		for(zx=0;zx<30;zx++){
0x0096	0x0ABC      	INCF       _zx, 1
0x0097	0x1903      	BTFSC      STATUS, 2
0x0098	0x0ABD      	INCF       _zx+1, 1
;dot_matrix_moving.c,16 :: 		}
0x0099	0x2852      	GOTO       L_main5
L_main6:
;dot_matrix_moving.c,9 :: 		for(xx=0;xx<8;xx++){
0x009A	0x0ABA      	INCF       _xx, 1
0x009B	0x1903      	BTFSC      STATUS, 2
0x009C	0x0ABB      	INCF       _xx+1, 1
;dot_matrix_moving.c,17 :: 		}
0x009D	0x2845      	GOTO       L_main2
L_main3:
;dot_matrix_moving.c,18 :: 		delay_ms(30);
0x009E	0x304E      	MOVLW      78
0x009F	0x00FC      	MOVWF      R12
0x00A0	0x30EB      	MOVLW      235
0x00A1	0x00FD      	MOVWF      R13
L_main12:
0x00A2	0x0BFD      	DECFSZ     R13, 1
0x00A3	0x28A2      	GOTO       L_main12
0x00A4	0x0BFC      	DECFSZ     R12, 1
0x00A5	0x28A2      	GOTO       L_main12
;dot_matrix_moving.c,20 :: 		}
0x00A6	0x2842      	GOTO       L_main0
;dot_matrix_moving.c,21 :: 		}
L_end_main:
0x00A7	0x28A7      	GOTO       $+0
; end of _main
Symbol List:
//** Routines locations **
//ADDRESS    SIZE    PROCEDURE
//----------------------------------------------
0x0003       [7]    _____DoICP
0x000A      [12]    ___CC2DW
0x0016     [146]    _main
//** Variables locations ** 
//ADDRESS    SIZE    VARIABLE
//----------------------------------------------
0x0000       [1]    INDF
0x0002       [1]    PCL
0x0003       [1]    STATUS
0x0004       [1]    FSR
0x0006       [1]    PORTB
0x0008       [1]    PORTD
0x000A       [1]    PCLATH
0x0020      [16]    _a
0x0030       [8]    _j
0x0038       [2]    ___DoICPAddr
0x003A       [2]    _xx
0x003C       [2]    _zx
0x003E       [2]    _i
0x0070       [1]    R0
0x0071       [1]    R1
0x0072       [1]    R2
0x0073       [1]    R3
0x0074       [1]    R4
0x0075       [1]    R5
0x0076       [1]    R6
0x0077       [1]    R7
0x0078       [1]    R8
0x0079       [1]    R9
0x007A       [1]    R10
0x007B       [1]    R11
0x007C       [1]    R12
0x007D       [1]    R13
0x007E       [1]    R14
0x007F       [1]    R15
0x0086       [1]    TRISB
0x0088       [1]    TRISD
//** Label List: ** 
//----------------------------------------------
  L_main0
  L_main1
  L_main2
  L_main3
  L_main4
  L_main5
  L_main6
  L_main7
  L_main8
  L_main9
  L_main10
  L_main11
  L_main12
  L_end_main
  _main
  L__main14
  L__main15
  L__main16
  L__main17
  L__main18
  L_loopCA2AWs
  L_CA2AWend
  _CCA2AW_Loop1
  L_loopCS2Ss
  L_CS2Send
  _CCS2S_Loop1
  L_CCS2Send
  L_loopFZinSWs
  L_FZinSend
  _CC2D_Loop1
  L_end_____DoICP
  _____DoICP
  L_end_____DoIFC
  _____DoIFC
  L_end___CA2AW
  ___CA2AW
  L_end___CCA2AW
  ___CCA2AW
  L_end___CS2S
  ___CS2S
  L_end___CCS2S
  ___CCS2S
  L_end___FZinS
  ___FZinS
  L_end___CC2DW
  ___CC2DW
  L_end_Swap
  _Swap
