;  LST file generated by mikroListExporter - v.2.0 
; Date/Time: 2/25/2023 10:51:55 PM
;----------------------------------------------

;Address Opcode 	ASM
0x0000	0x2816      	GOTO       22
_____DoICP:
;__Lib_System.c,6 :: 		
;__Lib_System.c,9 :: 		
0x0003	0x1283      	BCF        STATUS, 5
0x0004	0x1303      	BCF        STATUS, 6
0x0005	0x0831      	MOVF       ___DoICPAddr+1, 0
0x0006	0x008A      	MOVWF      PCLATH
;__Lib_System.c,10 :: 		
0x0007	0x0830      	MOVF       ___DoICPAddr, 0
0x0008	0x0082      	MOVWF      PCL
;__Lib_System.c,12 :: 		
L_end_____DoICP:
0x0009	0x0008      	RETURN
; end of _____DoICP
___CC2DW:
;__Lib_System.c,134 :: 		
;__Lib_System.c,137 :: 		
_CC2D_Loop1:
;__Lib_System.c,139 :: 		
0x000A	0x2003      	CALL       _____DoICP
0x000B	0x118A      	BCF        PCLATH, 3
0x000C	0x120A      	BCF        PCLATH, 4
;__Lib_System.c,141 :: 		
0x000D	0x0080      	MOVWF      INDF
;__Lib_System.c,142 :: 		
0x000E	0x0A84      	INCF       FSR, 1
;__Lib_System.c,143 :: 		
0x000F	0x0AB0      	INCF       ___DoICPAddr, 1
;__Lib_System.c,145 :: 		
0x0010	0x1903      	BTFSC      STATUS, 2
;__Lib_System.c,146 :: 		
0x0011	0x0AB1      	INCF       ___DoICPAddr+1, 1
;__Lib_System.c,147 :: 		
0x0012	0x03F0      	DECF       R0, 1
;__Lib_System.c,149 :: 		
0x0013	0x1D03      	BTFSS      STATUS, 2
;__Lib_System.c,150 :: 		
0x0014	0x280A      	GOTO       _CC2D_Loop1
;__Lib_System.c,152 :: 		
L_end___CC2DW:
0x0015	0x0008      	RETURN
; end of ___CC2DW
_main:
0x0016	0x3010      	MOVLW      16
0x0017	0x1283      	BCF        STATUS, 5
0x0018	0x1303      	BCF        STATUS, 6
0x0019	0x00A0      	MOVWF      _k
0x001A	0x3010      	MOVLW      16
0x001B	0x00A1      	MOVWF      33
0x001C	0x30FF      	MOVLW      255
0x001D	0x00A2      	MOVWF      34
0x001E	0x30FF      	MOVLW      255
0x001F	0x00A3      	MOVWF      35
0x0020	0x30FF      	MOVLW      255
0x0021	0x00A4      	MOVWF      36
0x0022	0x01A5      	CLRF       37
0x0023	0x01A6      	CLRF       38
0x0024	0x01A7      	CLRF       39
0x0025	0x3080      	MOVLW      128
0x0026	0x00A8      	MOVWF      _j
0x0027	0x3040      	MOVLW      64
0x0028	0x00A9      	MOVWF      41
0x0029	0x3020      	MOVLW      32
0x002A	0x00AA      	MOVWF      42
0x002B	0x3010      	MOVLW      16
0x002C	0x00AB      	MOVWF      43
0x002D	0x3008      	MOVLW      8
0x002E	0x00AC      	MOVWF      44
0x002F	0x3004      	MOVLW      4
0x0030	0x00AD      	MOVWF      45
0x0031	0x3002      	MOVLW      2
0x0032	0x00AE      	MOVWF      46
0x0033	0x3001      	MOVLW      1
0x0034	0x00AF      	MOVWF      47
;dot_matrix.c,4 :: 		void main() {
;dot_matrix.c,5 :: 		TRISB=0x00;
0x0035	0x1683      	BSF        STATUS, 5
0x0036	0x0186      	CLRF       TRISB
;dot_matrix.c,6 :: 		TRISD=0x00;
0x0037	0x0188      	CLRF       TRISD
;dot_matrix.c,7 :: 		while(1){
L_main0:
;dot_matrix.c,8 :: 		for(i=0;i<8;i++){
0x0038	0x1283      	BCF        STATUS, 5
0x0039	0x01B2      	CLRF       _i
0x003A	0x01B3      	CLRF       _i+1
L_main2:
0x003B	0x3080      	MOVLW      128
0x003C	0x0633      	XORWF      _i+1, 0
0x003D	0x00F0      	MOVWF      R0
0x003E	0x3080      	MOVLW      128
0x003F	0x0270      	SUBWF      R0, 0
0x0040	0x1D03      	BTFSS      STATUS, 2
0x0041	0x2844      	GOTO       L__main7
0x0042	0x3008      	MOVLW      8
0x0043	0x0232      	SUBWF      _i, 0
L__main7:
0x0044	0x1803      	BTFSC      STATUS, 0
0x0045	0x285E      	GOTO       L_main3
;dot_matrix.c,9 :: 		PORTD=j[i];
0x0046	0x0832      	MOVF       _i, 0
0x0047	0x3E28      	ADDLW      _j
0x0048	0x0084      	MOVWF      FSR
0x0049	0x0800      	MOVF       INDF, 0
0x004A	0x0088      	MOVWF      PORTD
;dot_matrix.c,10 :: 		PORTB=k[i];
0x004B	0x0832      	MOVF       _i, 0
0x004C	0x3E20      	ADDLW      _k
0x004D	0x0084      	MOVWF      FSR
0x004E	0x0800      	MOVF       INDF, 0
0x004F	0x0086      	MOVWF      PORTB
;dot_matrix.c,11 :: 		delay_ms(1);
0x0050	0x3003      	MOVLW      3
0x0051	0x00FC      	MOVWF      R12
0x0052	0x3097      	MOVLW      151
0x0053	0x00FD      	MOVWF      R13
L_main5:
0x0054	0x0BFD      	DECFSZ     R13, 1
0x0055	0x2854      	GOTO       L_main5
0x0056	0x0BFC      	DECFSZ     R12, 1
0x0057	0x2854      	GOTO       L_main5
0x0058	0x0000      	NOP
0x0059	0x0000      	NOP
;dot_matrix.c,8 :: 		for(i=0;i<8;i++){
0x005A	0x0AB2      	INCF       _i, 1
0x005B	0x1903      	BTFSC      STATUS, 2
0x005C	0x0AB3      	INCF       _i+1, 1
;dot_matrix.c,12 :: 		}
0x005D	0x283B      	GOTO       L_main2
L_main3:
;dot_matrix.c,13 :: 		}
0x005E	0x2838      	GOTO       L_main0
;dot_matrix.c,14 :: 		}
L_end_main:
0x005F	0x285F      	GOTO       $+0
; end of _main
Symbol List:
//** Routines locations **
//ADDRESS    SIZE    PROCEDURE
//----------------------------------------------
0x0003       [7]    _____DoICP
0x000A      [12]    ___CC2DW
0x0016      [74]    _main
//** Variables locations ** 
//ADDRESS    SIZE    VARIABLE
//----------------------------------------------
0x0000       [1]    INDF
0x0002       [1]    PCL
0x0003       [1]    STATUS
0x0004       [1]    FSR
0x0006       [1]    PORTB
0x0008       [1]    PORTD
0x000A       [1]    PCLATH
0x0020       [8]    _k
0x0028       [8]    _j
0x0030       [2]    ___DoICPAddr
0x0032       [2]    _i
0x0070       [1]    R0
0x0071       [1]    R1
0x0072       [1]    R2
0x0073       [1]    R3
0x0074       [1]    R4
0x0075       [1]    R5
0x0076       [1]    R6
0x0077       [1]    R7
0x0078       [1]    R8
0x0079       [1]    R9
0x007A       [1]    R10
0x007B       [1]    R11
0x007C       [1]    R12
0x007D       [1]    R13
0x007E       [1]    R14
0x007F       [1]    R15
0x0086       [1]    TRISB
0x0088       [1]    TRISD
//** Label List: ** 
//----------------------------------------------
  L_main0
  L_main1
  L_main2
  L_main3
  L_main4
  L_main5
  L_end_main
  _main
  L__main7
  L_loopCA2AWs
  L_CA2AWend
  _CCA2AW_Loop1
  L_loopCS2Ss
  L_CS2Send
  _CCS2S_Loop1
  L_CCS2Send
  L_loopFZinSWs
  L_FZinSend
  _CC2D_Loop1
  L_end_____DoICP
  _____DoICP
  L_end_____DoIFC
  _____DoIFC
  L_end___CA2AW
  ___CA2AW
  L_end___CCA2AW
  ___CCA2AW
  L_end___CS2S
  ___CS2S
  L_end___CCS2S
  ___CCS2S
  L_end___FZinS
  ___FZinS
  L_end___CC2DW
  ___CC2DW
  L_end_Swap
  _Swap
