;  LST file generated by mikroListExporter - v.2.0 
; Date/Time: 2/26/2023 1:54:01 AM
;----------------------------------------------

;Address Opcode 	ASM
0x0000	0x2888      	GOTO       136
_____DoICP:
;__Lib_System.c,6 :: 		
;__Lib_System.c,9 :: 		
0x0003	0x1283      	BCF        STATUS, 5
0x0004	0x1303      	BCF        STATUS, 6
0x0005	0x0821      	MOVF       ___DoICPAddr+1, 0
0x0006	0x008A      	MOVWF      PCLATH
;__Lib_System.c,10 :: 		
0x0007	0x0820      	MOVF       ___DoICPAddr, 0
0x0008	0x0082      	MOVWF      PCL
;__Lib_System.c,12 :: 		
L_end_____DoICP:
0x0009	0x0008      	RETURN
; end of _____DoICP
_servorotate0:
;servomotor.c,1 :: 		void servorotate0(){
;servomotor.c,3 :: 		for(i=0;i<50;i++){
0x000A	0x1283      	BCF        STATUS, 5
0x000B	0x1303      	BCF        STATUS, 6
0x000C	0x01F1      	CLRF       R1
0x000D	0x01F2      	CLRF       R1+1
L_servorotate00:
0x000E	0x3000      	MOVLW      0
0x000F	0x0272      	SUBWF      R1+1, 0
0x0010	0x1D03      	BTFSS      STATUS, 2
0x0011	0x2814      	GOTO       L__servorotate022
0x0012	0x3032      	MOVLW      50
0x0013	0x0271      	SUBWF      R1, 0
L__servorotate022:
0x0014	0x1803      	BTFSC      STATUS, 0
0x0015	0x282F      	GOTO       L_servorotate01
;servomotor.c,4 :: 		PORTB.f0=1;
0x0016	0x1406      	BSF        PORTB, 0
;servomotor.c,5 :: 		delay_us(1000); //delay_us(1500+278);
0x0017	0x3003      	MOVLW      3
0x0018	0x00FC      	MOVWF      R12
0x0019	0x3097      	MOVLW      151
0x001A	0x00FD      	MOVWF      R13
L_servorotate03:
0x001B	0x0BFD      	DECFSZ     R13, 1
0x001C	0x281B      	GOTO       L_servorotate03
0x001D	0x0BFC      	DECFSZ     R12, 1
0x001E	0x281B      	GOTO       L_servorotate03
0x001F	0x0000      	NOP
0x0020	0x0000      	NOP
;servomotor.c,6 :: 		PORTB.f0=0;
0x0021	0x1006      	BCF        PORTB, 0
;servomotor.c,7 :: 		delay_us(19000);
0x0022	0x3032      	MOVLW      50
0x0023	0x00FC      	MOVWF      R12
0x0024	0x3058      	MOVLW      88
0x0025	0x00FD      	MOVWF      R13
L_servorotate04:
0x0026	0x0BFD      	DECFSZ     R13, 1
0x0027	0x2826      	GOTO       L_servorotate04
0x0028	0x0BFC      	DECFSZ     R12, 1
0x0029	0x2826      	GOTO       L_servorotate04
0x002A	0x0000      	NOP
;servomotor.c,3 :: 		for(i=0;i<50;i++){
0x002B	0x0AF1      	INCF       R1, 1
0x002C	0x1903      	BTFSC      STATUS, 2
0x002D	0x0AF2      	INCF       R1+1, 1
;servomotor.c,8 :: 		}
0x002E	0x280E      	GOTO       L_servorotate00
L_servorotate01:
;servomotor.c,9 :: 		}
L_end_servorotate0:
0x002F	0x0008      	RETURN
; end of _servorotate0
_servorotate90:
;servomotor.c,10 :: 		void servorotate90(){
;servomotor.c,12 :: 		for(i=0;i<50;i++){
0x0030	0x1283      	BCF        STATUS, 5
0x0031	0x1303      	BCF        STATUS, 6
0x0032	0x01F1      	CLRF       R1
0x0033	0x01F2      	CLRF       R1+1
L_servorotate905:
0x0034	0x3000      	MOVLW      0
0x0035	0x0272      	SUBWF      R1+1, 0
0x0036	0x1D03      	BTFSS      STATUS, 2
0x0037	0x283A      	GOTO       L__servorotate9024
0x0038	0x3032      	MOVLW      50
0x0039	0x0271      	SUBWF      R1, 0
L__servorotate9024:
0x003A	0x1803      	BTFSC      STATUS, 0
0x003B	0x2855      	GOTO       L_servorotate906
;servomotor.c,13 :: 		PORTB.f0=1;
0x003C	0x1406      	BSF        PORTB, 0
;servomotor.c,14 :: 		delay_us(1500);
0x003D	0x3004      	MOVLW      4
0x003E	0x00FC      	MOVWF      R12
0x003F	0x30E4      	MOVLW      228
0x0040	0x00FD      	MOVWF      R13
L_servorotate908:
0x0041	0x0BFD      	DECFSZ     R13, 1
0x0042	0x2841      	GOTO       L_servorotate908
0x0043	0x0BFC      	DECFSZ     R12, 1
0x0044	0x2841      	GOTO       L_servorotate908
0x0045	0x0000      	NOP
;servomotor.c,15 :: 		PORTB.f0=0;
0x0046	0x1006      	BCF        PORTB, 0
;servomotor.c,16 :: 		delay_us(18500);
0x0047	0x3031      	MOVLW      49
0x0048	0x00FC      	MOVWF      R12
0x0049	0x300B      	MOVLW      11
0x004A	0x00FD      	MOVWF      R13
L_servorotate909:
0x004B	0x0BFD      	DECFSZ     R13, 1
0x004C	0x284B      	GOTO       L_servorotate909
0x004D	0x0BFC      	DECFSZ     R12, 1
0x004E	0x284B      	GOTO       L_servorotate909
0x004F	0x0000      	NOP
0x0050	0x0000      	NOP
;servomotor.c,12 :: 		for(i=0;i<50;i++){
0x0051	0x0AF1      	INCF       R1, 1
0x0052	0x1903      	BTFSC      STATUS, 2
0x0053	0x0AF2      	INCF       R1+1, 1
;servomotor.c,17 :: 		}
0x0054	0x2834      	GOTO       L_servorotate905
L_servorotate906:
;servomotor.c,18 :: 		}
L_end_servorotate90:
0x0055	0x0008      	RETURN
; end of _servorotate90
_servorotate180:
;servomotor.c,19 :: 		void servorotate180(){
;servomotor.c,21 :: 		for(i=0;i<50;i++){
0x0056	0x1283      	BCF        STATUS, 5
0x0057	0x1303      	BCF        STATUS, 6
0x0058	0x01F1      	CLRF       R1
0x0059	0x01F2      	CLRF       R1+1
L_servorotate18010:
0x005A	0x3000      	MOVLW      0
0x005B	0x0272      	SUBWF      R1+1, 0
0x005C	0x1D03      	BTFSS      STATUS, 2
0x005D	0x2860      	GOTO       L__servorotate18026
0x005E	0x3032      	MOVLW      50
0x005F	0x0271      	SUBWF      R1, 0
L__servorotate18026:
0x0060	0x1803      	BTFSC      STATUS, 0
0x0061	0x287B      	GOTO       L_servorotate18011
;servomotor.c,22 :: 		PORTB.f0=1;
0x0062	0x1406      	BSF        PORTB, 0
;servomotor.c,23 :: 		delay_us(2200);
0x0063	0x3006      	MOVLW      6
0x0064	0x00FC      	MOVWF      R12
0x0065	0x30B5      	MOVLW      181
0x0066	0x00FD      	MOVWF      R13
L_servorotate18013:
0x0067	0x0BFD      	DECFSZ     R13, 1
0x0068	0x2867      	GOTO       L_servorotate18013
0x0069	0x0BFC      	DECFSZ     R12, 1
0x006A	0x2867      	GOTO       L_servorotate18013
0x006B	0x0000      	NOP
0x006C	0x0000      	NOP
;servomotor.c,24 :: 		PORTB.f0=0;
0x006D	0x1006      	BCF        PORTB, 0
;servomotor.c,25 :: 		delay_us(17800);
0x006E	0x302F      	MOVLW      47
0x006F	0x00FC      	MOVWF      R12
0x0070	0x303A      	MOVLW      58
0x0071	0x00FD      	MOVWF      R13
L_servorotate18014:
0x0072	0x0BFD      	DECFSZ     R13, 1
0x0073	0x2872      	GOTO       L_servorotate18014
0x0074	0x0BFC      	DECFSZ     R12, 1
0x0075	0x2872      	GOTO       L_servorotate18014
0x0076	0x0000      	NOP
;servomotor.c,21 :: 		for(i=0;i<50;i++){
0x0077	0x0AF1      	INCF       R1, 1
0x0078	0x1903      	BTFSC      STATUS, 2
0x0079	0x0AF2      	INCF       R1+1, 1
;servomotor.c,26 :: 		}
0x007A	0x285A      	GOTO       L_servorotate18010
L_servorotate18011:
;servomotor.c,27 :: 		}
L_end_servorotate180:
0x007B	0x0008      	RETURN
; end of _servorotate180
___CC2DW:
;__Lib_System.c,134 :: 		
;__Lib_System.c,137 :: 		
_CC2D_Loop1:
;__Lib_System.c,139 :: 		
0x007C	0x2003      	CALL       _____DoICP
0x007D	0x118A      	BCF        PCLATH, 3
0x007E	0x120A      	BCF        PCLATH, 4
;__Lib_System.c,141 :: 		
0x007F	0x0080      	MOVWF      INDF
;__Lib_System.c,142 :: 		
0x0080	0x0A84      	INCF       FSR, 1
;__Lib_System.c,143 :: 		
0x0081	0x0AA0      	INCF       ___DoICPAddr, 1
;__Lib_System.c,145 :: 		
0x0082	0x1903      	BTFSC      STATUS, 2
;__Lib_System.c,146 :: 		
0x0083	0x0AA1      	INCF       ___DoICPAddr+1, 1
;__Lib_System.c,147 :: 		
0x0084	0x03F0      	DECF       R0, 1
;__Lib_System.c,149 :: 		
0x0085	0x1D03      	BTFSS      STATUS, 2
;__Lib_System.c,150 :: 		
0x0086	0x287C      	GOTO       _CC2D_Loop1
;__Lib_System.c,152 :: 		
L_end___CC2DW:
0x0087	0x0008      	RETURN
; end of ___CC2DW
_main:
;servomotor.c,28 :: 		void main() {
;servomotor.c,29 :: 		TRISB=0;
0x0088	0x1683      	BSF        STATUS, 5
0x0089	0x1303      	BCF        STATUS, 6
0x008A	0x0186      	CLRF       TRISB
;servomotor.c,30 :: 		do{
L_main15:
;servomotor.c,31 :: 		servorotate0();
0x008B	0x200A      	CALL       _servorotate0
;servomotor.c,32 :: 		delay_ms(2000);
0x008C	0x3015      	MOVLW      21
0x008D	0x00FB      	MOVWF      R11
0x008E	0x304B      	MOVLW      75
0x008F	0x00FC      	MOVWF      R12
0x0090	0x30BE      	MOVLW      190
0x0091	0x00FD      	MOVWF      R13
L_main18:
0x0092	0x0BFD      	DECFSZ     R13, 1
0x0093	0x2892      	GOTO       L_main18
0x0094	0x0BFC      	DECFSZ     R12, 1
0x0095	0x2892      	GOTO       L_main18
0x0096	0x0BFB      	DECFSZ     R11, 1
0x0097	0x2892      	GOTO       L_main18
0x0098	0x0000      	NOP
;servomotor.c,33 :: 		servorotate90();
0x0099	0x2030      	CALL       _servorotate90
;servomotor.c,34 :: 		delay_ms(2000);
0x009A	0x3015      	MOVLW      21
0x009B	0x00FB      	MOVWF      R11
0x009C	0x304B      	MOVLW      75
0x009D	0x00FC      	MOVWF      R12
0x009E	0x30BE      	MOVLW      190
0x009F	0x00FD      	MOVWF      R13
L_main19:
0x00A0	0x0BFD      	DECFSZ     R13, 1
0x00A1	0x28A0      	GOTO       L_main19
0x00A2	0x0BFC      	DECFSZ     R12, 1
0x00A3	0x28A0      	GOTO       L_main19
0x00A4	0x0BFB      	DECFSZ     R11, 1
0x00A5	0x28A0      	GOTO       L_main19
0x00A6	0x0000      	NOP
;servomotor.c,35 :: 		servorotate180();
0x00A7	0x2056      	CALL       _servorotate180
;servomotor.c,36 :: 		delay_ms(2000);
0x00A8	0x3015      	MOVLW      21
0x00A9	0x00FB      	MOVWF      R11
0x00AA	0x304B      	MOVLW      75
0x00AB	0x00FC      	MOVWF      R12
0x00AC	0x30BE      	MOVLW      190
0x00AD	0x00FD      	MOVWF      R13
L_main20:
0x00AE	0x0BFD      	DECFSZ     R13, 1
0x00AF	0x28AE      	GOTO       L_main20
0x00B0	0x0BFC      	DECFSZ     R12, 1
0x00B1	0x28AE      	GOTO       L_main20
0x00B2	0x0BFB      	DECFSZ     R11, 1
0x00B3	0x28AE      	GOTO       L_main20
0x00B4	0x0000      	NOP
;servomotor.c,37 :: 		}while(1);
0x00B5	0x288B      	GOTO       L_main15
;servomotor.c,38 :: 		}
L_end_main:
0x00B6	0x28B6      	GOTO       $+0
; end of _main
Symbol List:
//** Routines locations **
//ADDRESS    SIZE    PROCEDURE
//----------------------------------------------
0x0003       [7]    _____DoICP
0x000A      [38]    _servorotate0
0x0030      [38]    _servorotate90
0x0056      [38]    _servorotate180
0x007C      [12]    ___CC2DW
0x0088      [47]    _main
//** Variables locations ** 
//ADDRESS    SIZE    VARIABLE
//----------------------------------------------
0x0000       [1]    INDF
0x0002       [1]    PCL
0x0003       [1]    STATUS
0x0004       [1]    FSR
0x0006       [1]    PORTB
0x000A       [1]    PCLATH
0x0020       [2]    ___DoICPAddr
0x0070       [1]    R0
0x0071       [1]    R1
0x0072       [1]    R2
0x0073       [1]    R3
0x0074       [1]    R4
0x0075       [1]    R5
0x0076       [1]    R6
0x0077       [1]    R7
0x0078       [1]    R8
0x0079       [1]    R9
0x007A       [1]    R10
0x007B       [1]    R11
0x007C       [1]    R12
0x007D       [1]    R13
0x007E       [1]    R14
0x007F       [1]    R15
0x0086       [1]    TRISB
//** Label List: ** 
//----------------------------------------------
  L_servorotate00
  L_servorotate01
  L_servorotate02
  L_servorotate03
  L_servorotate04
  L_servorotate905
  L_servorotate906
  L_servorotate907
  L_servorotate908
  L_servorotate909
  L_servorotate18010
  L_servorotate18011
  L_servorotate18012
  L_servorotate18013
  L_servorotate18014
  L_main15
  L_main16
  L_main17
  L_main18
  L_main19
  L_main20
  L_end_servorotate0
  _servorotate0
  L__servorotate022
  L_end_servorotate90
  _servorotate90
  L__servorotate9024
  L_end_servorotate180
  _servorotate180
  L__servorotate18026
  L_end_main
  _main
  L_loopCA2AWs
  L_CA2AWend
  _CCA2AW_Loop1
  L_loopCS2Ss
  L_CS2Send
  _CCS2S_Loop1
  L_CCS2Send
  L_loopFZinSWs
  L_FZinSend
  _CC2D_Loop1
  L_end_____DoICP
  _____DoICP
  L_end_____DoIFC
  _____DoIFC
  L_end___CA2AW
  ___CA2AW
  L_end___CCA2AW
  ___CCA2AW
  L_end___CS2S
  ___CS2S
  L_end___CCS2S
  ___CCS2S
  L_end___FZinS
  ___FZinS
  L_end___CC2DW
  ___CC2DW
  L_end_Swap
  _Swap
