;  LST file generated by mikroListExporter - v.2.0 
; Date/Time: 2/25/2023 1:41:38 AM
;----------------------------------------------

;Address Opcode 	ASM
0x0000	0x2816      	GOTO       22
_____DoICP:
;__Lib_System.c,6 :: 		
;__Lib_System.c,9 :: 		
0x0003	0x1683      	BSF        STATUS, 5
0x0004	0x1303      	BCF        STATUS, 6
0x0005	0x0829      	MOVF       ___DoICPAddr+1, 0
0x0006	0x008A      	MOVWF      PCLATH
;__Lib_System.c,10 :: 		
0x0007	0x0828      	MOVF       ___DoICPAddr, 0
0x0008	0x0082      	MOVWF      PCL
;__Lib_System.c,12 :: 		
L_end_____DoICP:
0x0009	0x0008      	RETURN
; end of _____DoICP
___CC2DW:
;__Lib_System.c,134 :: 		
;__Lib_System.c,137 :: 		
_CC2D_Loop1:
;__Lib_System.c,139 :: 		
0x000A	0x2003      	CALL       _____DoICP
0x000B	0x118A      	BCF        PCLATH, 3
0x000C	0x120A      	BCF        PCLATH, 4
;__Lib_System.c,141 :: 		
0x000D	0x0080      	MOVWF      INDF
;__Lib_System.c,142 :: 		
0x000E	0x0A84      	INCF       FSR, 1
;__Lib_System.c,143 :: 		
0x000F	0x0AA8      	INCF       ___DoICPAddr, 1
;__Lib_System.c,145 :: 		
0x0010	0x1903      	BTFSC      STATUS, 2
;__Lib_System.c,146 :: 		
0x0011	0x0AA9      	INCF       ___DoICPAddr+1, 1
;__Lib_System.c,147 :: 		
0x0012	0x03F0      	DECF       R0, 1
;__Lib_System.c,149 :: 		
0x0013	0x1D03      	BTFSS      STATUS, 2
;__Lib_System.c,150 :: 		
0x0014	0x280A      	GOTO       _CC2D_Loop1
;__Lib_System.c,152 :: 		
L_end___CC2DW:
0x0015	0x0008      	RETURN
; end of ___CC2DW
_main:
0x0016	0x2104      	CALL       260
;dot_matrix_moving.c,11 :: 		void main() {
;dot_matrix_moving.c,12 :: 		TRISB=0x00;
0x0017	0x1683      	BSF        STATUS, 5
0x0018	0x1303      	BCF        STATUS, 6
0x0019	0x0186      	CLRF       TRISB
;dot_matrix_moving.c,13 :: 		TRISD=0x00;
0x001A	0x0188      	CLRF       TRISD
;dot_matrix_moving.c,14 :: 		while(1){
L_main0:
;dot_matrix_moving.c,15 :: 		for(x=0;x<5;x++){
0x001B	0x01AA      	CLRF       _x
0x001C	0x01AB      	CLRF       _x+1
L_main2:
0x001D	0x3080      	MOVLW      128
0x001E	0x062B      	XORWF      _x+1, 0
0x001F	0x00F0      	MOVWF      R0
0x0020	0x3080      	MOVLW      128
0x0021	0x0270      	SUBWF      R0, 0
0x0022	0x1D03      	BTFSS      STATUS, 2
0x0023	0x2826      	GOTO       L__main17
0x0024	0x3005      	MOVLW      5
0x0025	0x022A      	SUBWF      _x, 0
L__main17:
0x0026	0x1803      	BTFSC      STATUS, 0
0x0027	0x28A4      	GOTO       L_main3
;dot_matrix_moving.c,16 :: 		for(xx=0;xx<8;xx++){
0x0028	0x01AC      	CLRF       _xx
0x0029	0x01AD      	CLRF       _xx+1
L_main5:
0x002A	0x3080      	MOVLW      128
0x002B	0x062D      	XORWF      _xx+1, 0
0x002C	0x00F0      	MOVWF      R0
0x002D	0x3080      	MOVLW      128
0x002E	0x0270      	SUBWF      R0, 0
0x002F	0x1D03      	BTFSS      STATUS, 2
0x0030	0x2833      	GOTO       L__main18
0x0031	0x3008      	MOVLW      8
0x0032	0x022C      	SUBWF      _xx, 0
L__main18:
0x0033	0x1803      	BTFSC      STATUS, 0
0x0034	0x2898      	GOTO       L_main6
;dot_matrix_moving.c,17 :: 		for(zx=0;zx<80;zx++){
0x0035	0x01AE      	CLRF       _zx
0x0036	0x01AF      	CLRF       _zx+1
L_main8:
0x0037	0x3080      	MOVLW      128
0x0038	0x062F      	XORWF      _zx+1, 0
0x0039	0x00F0      	MOVWF      R0
0x003A	0x3080      	MOVLW      128
0x003B	0x0270      	SUBWF      R0, 0
0x003C	0x1D03      	BTFSS      STATUS, 2
0x003D	0x2840      	GOTO       L__main19
0x003E	0x3050      	MOVLW      80
0x003F	0x022E      	SUBWF      _zx, 0
L__main19:
0x0040	0x1803      	BTFSC      STATUS, 0
0x0041	0x2894      	GOTO       L_main9
;dot_matrix_moving.c,18 :: 		for(i=0;i<8;i++){
0x0042	0x01B0      	CLRF       _i
0x0043	0x01B1      	CLRF       _i+1
L_main11:
0x0044	0x3080      	MOVLW      128
0x0045	0x0631      	XORWF      _i+1, 0
0x0046	0x00F0      	MOVWF      R0
0x0047	0x3080      	MOVLW      128
0x0048	0x0270      	SUBWF      R0, 0
0x0049	0x1D03      	BTFSS      STATUS, 2
0x004A	0x284D      	GOTO       L__main20
0x004B	0x3008      	MOVLW      8
0x004C	0x0230      	SUBWF      _i, 0
L__main20:
0x004D	0x1803      	BTFSC      STATUS, 0
0x004E	0x2890      	GOTO       L_main12
;dot_matrix_moving.c,19 :: 		PORTD=j[i];
0x004F	0x0830      	MOVF       _i, 0
0x0050	0x3EA0      	ADDLW      _j
0x0051	0x0084      	MOVWF      FSR
0x0052	0x0800      	MOVF       INDF, 0
0x0053	0x1283      	BCF        STATUS, 5
0x0054	0x0088      	MOVWF      PORTD
;dot_matrix_moving.c,20 :: 		PORTB=a[x][i]<<xx;
0x0055	0x3004      	MOVLW      4
0x0056	0x00F2      	MOVWF      R2
0x0057	0x1683      	BSF        STATUS, 5
0x0058	0x082A      	MOVF       _x, 0
0x0059	0x00F0      	MOVWF      R0
0x005A	0x082B      	MOVF       _x+1, 0
0x005B	0x00F1      	MOVWF      R0+1
0x005C	0x0872      	MOVF       R2, 0
L__main21:
0x005D	0x1903      	BTFSC      STATUS, 2
0x005E	0x2864      	GOTO       L__main22
0x005F	0x0DF0      	RLF        R0, 1
0x0060	0x0DF1      	RLF        R0+1, 1
0x0061	0x1070      	BCF        R0, 0
0x0062	0x3EFF      	ADDLW      255
0x0063	0x285D      	GOTO       L__main21
L__main22:
0x0064	0x0870      	MOVF       R0, 0
0x0065	0x3E20      	ADDLW      _a
0x0066	0x00F3      	MOVWF      R3
0x0067	0x0830      	MOVF       _i, 0
0x0068	0x00F0      	MOVWF      R0
0x0069	0x0831      	MOVF       _i+1, 0
0x006A	0x00F1      	MOVWF      R0+1
0x006B	0x0DF0      	RLF        R0, 1
0x006C	0x0DF1      	RLF        R0+1, 1
0x006D	0x1070      	BCF        R0, 0
0x006E	0x0870      	MOVF       R0, 0
0x006F	0x0773      	ADDWF      R3, 0
0x0070	0x0084      	MOVWF      FSR
0x0071	0x0800      	MOVF       INDF, 0
0x0072	0x00F2      	MOVWF      R2
0x0073	0x082C      	MOVF       _xx, 0
0x0074	0x00F1      	MOVWF      R1
0x0075	0x0872      	MOVF       R2, 0
0x0076	0x00F0      	MOVWF      R0
0x0077	0x0871      	MOVF       R1, 0
L__main23:
0x0078	0x1903      	BTFSC      STATUS, 2
0x0079	0x287E      	GOTO       L__main24
0x007A	0x0DF0      	RLF        R0, 1
0x007B	0x1070      	BCF        R0, 0
0x007C	0x3EFF      	ADDLW      255
0x007D	0x2878      	GOTO       L__main23
L__main24:
0x007E	0x0870      	MOVF       R0, 0
0x007F	0x1283      	BCF        STATUS, 5
0x0080	0x0086      	MOVWF      PORTB
;dot_matrix_moving.c,21 :: 		delay_ms(1);
0x0081	0x3003      	MOVLW      3
0x0082	0x00FC      	MOVWF      R12
0x0083	0x3097      	MOVLW      151
0x0084	0x00FD      	MOVWF      R13
L_main14:
0x0085	0x0BFD      	DECFSZ     R13, 1
0x0086	0x2885      	GOTO       L_main14
0x0087	0x0BFC      	DECFSZ     R12, 1
0x0088	0x2885      	GOTO       L_main14
0x0089	0x0000      	NOP
0x008A	0x0000      	NOP
;dot_matrix_moving.c,18 :: 		for(i=0;i<8;i++){
0x008B	0x1683      	BSF        STATUS, 5
0x008C	0x0AB0      	INCF       _i, 1
0x008D	0x1903      	BTFSC      STATUS, 2
0x008E	0x0AB1      	INCF       _i+1, 1
;dot_matrix_moving.c,22 :: 		}
0x008F	0x2844      	GOTO       L_main11
L_main12:
;dot_matrix_moving.c,17 :: 		for(zx=0;zx<80;zx++){
0x0090	0x0AAE      	INCF       _zx, 1
0x0091	0x1903      	BTFSC      STATUS, 2
0x0092	0x0AAF      	INCF       _zx+1, 1
;dot_matrix_moving.c,23 :: 		}
0x0093	0x2837      	GOTO       L_main8
L_main9:
;dot_matrix_moving.c,16 :: 		for(xx=0;xx<8;xx++){
0x0094	0x0AAC      	INCF       _xx, 1
0x0095	0x1903      	BTFSC      STATUS, 2
0x0096	0x0AAD      	INCF       _xx+1, 1
;dot_matrix_moving.c,24 :: 		}
0x0097	0x282A      	GOTO       L_main5
L_main6:
;dot_matrix_moving.c,25 :: 		delay_ms(30);
0x0098	0x304E      	MOVLW      78
0x0099	0x00FC      	MOVWF      R12
0x009A	0x30EB      	MOVLW      235
0x009B	0x00FD      	MOVWF      R13
L_main15:
0x009C	0x0BFD      	DECFSZ     R13, 1
0x009D	0x289C      	GOTO       L_main15
0x009E	0x0BFC      	DECFSZ     R12, 1
0x009F	0x289C      	GOTO       L_main15
;dot_matrix_moving.c,15 :: 		for(x=0;x<5;x++){
0x00A0	0x0AAA      	INCF       _x, 1
0x00A1	0x1903      	BTFSC      STATUS, 2
0x00A2	0x0AAB      	INCF       _x+1, 1
;dot_matrix_moving.c,26 :: 		}
0x00A3	0x281D      	GOTO       L_main2
L_main3:
;dot_matrix_moving.c,27 :: 		}
0x00A4	0x281B      	GOTO       L_main0
;dot_matrix_moving.c,28 :: 		}
L_end_main:
0x00A5	0x28A5      	GOTO       $+0
; end of _main
0x0104	0x3020      	MOVLW      32
0x0105	0x0084      	MOVWF      FSR
0x0106	0x3050      	MOVLW      80
0x0107	0x1283      	BCF        STATUS, 5
0x0108	0x1303      	BCF        STATUS, 6
0x0109	0x00F0      	MOVWF      R0
0x010A	0x30AB      	MOVLW      171
0x010B	0x1683      	BSF        STATUS, 5
0x010C	0x00A8      	MOVWF      ___DoICPAddr
0x010D	0x3000      	MOVLW      0
0x010E	0x00A9      	MOVWF      169
0x010F	0x200A      	CALL       10
0x0110	0x30A0      	MOVLW      160
0x0111	0x0084      	MOVWF      FSR
0x0112	0x3008      	MOVLW      8
0x0113	0x1303      	BCF        STATUS, 6
0x0114	0x00F0      	MOVWF      R0
0x0115	0x30FB      	MOVLW      251
0x0116	0x1683      	BSF        STATUS, 5
0x0117	0x00A8      	MOVWF      ___DoICPAddr
0x0118	0x3000      	MOVLW      0
0x0119	0x00A9      	MOVWF      169
0x011A	0x200A      	CALL       10
0x011B	0x0008      	RETURN
;dot_matrix_moving.c,0 :: ?ICS_a
0x00AB	0x3418 ;?ICS_a+0
0x00AC	0x3400 ;?ICS_a+1
0x00AD	0x3424 ;?ICS_a+2
0x00AE	0x3400 ;?ICS_a+3
0x00AF	0x3442 ;?ICS_a+4
0x00B0	0x3400 ;?ICS_a+5
0x00B1	0x347E ;?ICS_a+6
0x00B2	0x3400 ;?ICS_a+7
0x00B3	0x3442 ;?ICS_a+8
0x00B4	0x3400 ;?ICS_a+9
0x00B5	0x3442 ;?ICS_a+10
0x00B6	0x3400 ;?ICS_a+11
0x00B7	0x3442 ;?ICS_a+12
0x00B8	0x3400 ;?ICS_a+13
0x00B9	0x3442 ;?ICS_a+14
0x00BA	0x3400 ;?ICS_a+15
0x00BB	0x34F0 ;?ICS_a+16
0x00BC	0x3400 ;?ICS_a+17
0x00BD	0x3488 ;?ICS_a+18
0x00BE	0x3400 ;?ICS_a+19
0x00BF	0x3488 ;?ICS_a+20
0x00C0	0x3400 ;?ICS_a+21
0x00C1	0x34F0 ;?ICS_a+22
0x00C2	0x3400 ;?ICS_a+23
0x00C3	0x3488 ;?ICS_a+24
0x00C4	0x3400 ;?ICS_a+25
0x00C5	0x3488 ;?ICS_a+26
0x00C6	0x3400 ;?ICS_a+27
0x00C7	0x34F0 ;?ICS_a+28
0x00C8	0x3400 ;?ICS_a+29
0x00C9	0x3400 ;?ICS_a+30
0x00CA	0x3400 ;?ICS_a+31
0x00CB	0x3438 ;?ICS_a+32
0x00CC	0x3400 ;?ICS_a+33
0x00CD	0x3444 ;?ICS_a+34
0x00CE	0x3400 ;?ICS_a+35
0x00CF	0x3440 ;?ICS_a+36
0x00D0	0x3400 ;?ICS_a+37
0x00D1	0x3440 ;?ICS_a+38
0x00D2	0x3400 ;?ICS_a+39
0x00D3	0x3440 ;?ICS_a+40
0x00D4	0x3400 ;?ICS_a+41
0x00D5	0x3444 ;?ICS_a+42
0x00D6	0x3400 ;?ICS_a+43
0x00D7	0x3438 ;?ICS_a+44
0x00D8	0x3400 ;?ICS_a+45
0x00D9	0x3400 ;?ICS_a+46
0x00DA	0x3400 ;?ICS_a+47
0x00DB	0x3478 ;?ICS_a+48
0x00DC	0x3400 ;?ICS_a+49
0x00DD	0x3444 ;?ICS_a+50
0x00DE	0x3400 ;?ICS_a+51
0x00DF	0x3444 ;?ICS_a+52
0x00E0	0x3400 ;?ICS_a+53
0x00E1	0x3444 ;?ICS_a+54
0x00E2	0x3400 ;?ICS_a+55
0x00E3	0x3444 ;?ICS_a+56
0x00E4	0x3400 ;?ICS_a+57
0x00E5	0x3444 ;?ICS_a+58
0x00E6	0x3400 ;?ICS_a+59
0x00E7	0x3444 ;?ICS_a+60
0x00E8	0x3400 ;?ICS_a+61
0x00E9	0x3478 ;?ICS_a+62
0x00EA	0x3400 ;?ICS_a+63
0x00EB	0x3400 ;?ICS_a+64
0x00EC	0x3400 ;?ICS_a+65
0x00ED	0x343C ;?ICS_a+66
0x00EE	0x3400 ;?ICS_a+67
0x00EF	0x3420 ;?ICS_a+68
0x00F0	0x3400 ;?ICS_a+69
0x00F1	0x3420 ;?ICS_a+70
0x00F2	0x3400 ;?ICS_a+71
0x00F3	0x343C ;?ICS_a+72
0x00F4	0x3400 ;?ICS_a+73
0x00F5	0x3420 ;?ICS_a+74
0x00F6	0x3400 ;?ICS_a+75
0x00F7	0x3420 ;?ICS_a+76
0x00F8	0x3400 ;?ICS_a+77
0x00F9	0x343C ;?ICS_a+78
0x00FA	0x3400 ;?ICS_a+79
; end of ?ICS_a
;dot_matrix_moving.c,0 :: ?ICS_j
0x00FB	0x3480 ;?ICS_j+0
0x00FC	0x3440 ;?ICS_j+1
0x00FD	0x3420 ;?ICS_j+2
0x00FE	0x3410 ;?ICS_j+3
0x00FF	0x3408 ;?ICS_j+4
0x0100	0x3404 ;?ICS_j+5
0x0101	0x3402 ;?ICS_j+6
0x0102	0x3401 ;?ICS_j+7
; end of ?ICS_j
Symbol List:
//** Routines locations **
//ADDRESS    SIZE    PROCEDURE
//----------------------------------------------
0x0003       [7]    _____DoICP
0x000A      [12]    ___CC2DW
0x0016     [143]    _main
//** Variables locations ** 
//ADDRESS    SIZE    VARIABLE
//----------------------------------------------
0x0000       [1]    INDF
0x0002       [1]    PCL
0x0003       [1]    STATUS
0x0004       [1]    FSR
0x0006       [1]    PORTB
0x0008       [1]    PORTD
0x000A       [1]    PCLATH
0x0020      [80]    _a
0x0070       [1]    R0
0x0071       [1]    R1
0x0072       [1]    R2
0x0073       [1]    R3
0x0074       [1]    R4
0x0075       [1]    R5
0x0076       [1]    R6
0x0077       [1]    R7
0x0078       [1]    R8
0x0079       [1]    R9
0x007A       [1]    R10
0x007B       [1]    R11
0x007C       [1]    R12
0x007D       [1]    R13
0x007E       [1]    R14
0x007F       [1]    R15
0x0086       [1]    TRISB
0x0088       [1]    TRISD
0x00A0       [8]    _j
0x00A8       [2]    ___DoICPAddr
0x00AA       [2]    _x
0x00AC       [2]    _xx
0x00AE       [2]    _zx
0x00B0       [2]    _i
//** Constants locations ** 
//ADDRESS    SIZE    CONSTANT
//----------------------------------------------
0x00AB      [80]    ?ICS_a
0x00FB       [8]    ?ICS_j
//** Label List: ** 
//----------------------------------------------
  L_main0
  L_main1
  L_main2
  L_main3
  L_main4
  L_main5
  L_main6
  L_main7
  L_main8
  L_main9
  L_main10
  L_main11
  L_main12
  L_main13
  L_main14
  L_main15
  L_end_main
  _main
  L__main17
  L__main18
  L__main19
  L__main20
  L__main21
  L__main22
  L__main23
  L__main24
  L_loopCA2AWs
  L_CA2AWend
  _CCA2AW_Loop1
  L_loopCS2Ss
  L_CS2Send
  _CCS2S_Loop1
  L_CCS2Send
  L_loopFZinSWs
  L_FZinSend
  _CC2D_Loop1
  L_end_____DoICP
  _____DoICP
  L_end_____DoIFC
  _____DoIFC
  L_end___CA2AW
  ___CA2AW
  L_end___CCA2AW
  ___CCA2AW
  L_end___CS2S
  ___CS2S
  L_end___CCS2S
  ___CCS2S
  L_end___FZinS
  ___FZinS
  L_end___CC2DW
  ___CC2DW
  L_end_Swap
  _Swap
